\BOOKMARK [0][-]{chapter.1}{\376\377\0001\000\040\004\033\004\060\004\061\004\076\004\100\004\060\004\102\004\076\004\100\004\075\004\060\004\117\000\040\004\100\004\060\004\061\004\076\004\102\004\060\000\040\041\026\0003\000.\000\040\004\030\004\101\004\101\004\073\004\065\004\064\004\076\004\062\004\060\004\075\004\070\004\065\000\040\004\063\004\065\004\075\004\065\004\100\004\060\004\102\004\076\004\100\004\076\004\062\000\040\004\077\004\101\004\065\004\062\004\064\004\076\004\101\004\073\004\103\004\107\004\060\004\071\004\075\004\113\004\105\000\040\004\107\004\070\004\101\004\065\004\073\000\040}{}% 1
\BOOKMARK [1][-]{section.1.1}{\376\377\0001\000.\0001\000\040\004\046\004\065\004\073\004\114\000\040\004\100\004\060\004\061\004\076\004\102\004\113}{chapter.1}% 2
\BOOKMARK [1][-]{section.1.2}{\376\377\0001\000.\0002\000\040\004\037\004\076\004\101\004\102\004\060\004\075\004\076\004\062\004\072\004\060\000\040\004\067\004\060\004\064\004\060\004\107\004\070}{chapter.1}% 3
\BOOKMARK [1][-]{section.1.3}{\376\377\0001\000.\0003\000\040\004\042\004\065\004\076\004\100\004\065\004\102\004\070\004\107\004\065\004\101\004\072\004\070\004\065\000\040\004\101\004\062\004\065\004\064\004\065\004\075\004\070\004\117}{chapter.1}% 4
\BOOKMARK [1][-]{section.1.4}{\376\377\0001\000.\0004\000\040\004\036\004\077\004\070\004\101\004\060\004\075\004\070\004\065\000\040\004\100\004\065\004\060\004\073\004\070\004\067\004\076\004\062\004\060\004\075\004\075\004\113\004\105\000\040\004\063\004\065\004\075\004\065\004\100\004\060\004\102\004\076\004\100\004\076\004\062}{chapter.1}% 5
\BOOKMARK [2][-]{subsection.1.4.1}{\376\377\0001\000.\0004\000.\0001\000\040\000L\000C\000G\000\137\000B\000a\000y\000s\000D\000u\000r\000h\000a\000m}{section.1.4}% 6
\BOOKMARK [2][-]{subsection.1.4.2}{\376\377\0001\000.\0004\000.\0002\000\040\000X\000o\000r\000s\000h\000i\000f\000t\0001\0002\0008\000\137\000M\000L\000T}{section.1.4}% 7
\BOOKMARK [2][-]{subsection.1.4.3}{\376\377\0001\000.\0004\000.\0003\000\040\000A\000d\000d\000i\000t\000i\000v\000e\000L\000F\000G\000\137\000R\000o\000t\000a\000t\000e\000X\000o\000r}{section.1.4}% 8
\BOOKMARK [2][-]{subsection.1.4.4}{\376\377\0001\000.\0004\000.\0004\000\040\000S\000t\000a\000n\000d\000a\000r\000d\000M\000T}{section.1.4}% 9
\BOOKMARK [1][-]{section.1.5}{\376\377\0001\000.\0005\000\040\004\036\004\077\004\070\004\101\004\060\004\075\004\070\004\065\000\040\004\101\004\102\004\060\004\102\004\070\004\101\004\102\004\070\004\107\004\065\004\101\004\072\004\070\004\105\000\040\004\102\004\065\004\101\004\102\004\076\004\062}{chapter.1}% 10
\BOOKMARK [2][-]{subsection.1.5.1}{\376\377\0001\000.\0005\000.\0001\000\040\004\036\004\077\004\070\004\101\004\060\004\102\004\065\004\073\004\114\004\075\004\113\004\065\000\040\004\101\004\102\004\060\004\102\004\070\004\101\004\102\004\070\004\072\004\070}{section.1.5}% 11
\BOOKMARK [2][-]{subsection.1.5.2}{\376\377\0001\000.\0005\000.\0002\000\040\000N\000I\000S\000T\000-\004\077\004\076\004\064\004\076\004\061\004\075\004\113\004\065\000\040\004\102\004\065\004\101\004\102\004\113}{section.1.5}% 12
\BOOKMARK [1][-]{section.1.6}{\376\377\0001\000.\0006\000\040\004\036\004\077\004\070\004\101\004\060\004\075\004\070\004\065\000\040\004\077\004\100\004\076\004\063\004\100\004\060\004\074\004\074\004\113}{chapter.1}% 13
\BOOKMARK [1][-]{section.1.7}{\376\377\0001\000.\0007\000\040\004\040\004\065\004\067\004\103\004\073\004\114\004\102\004\060\004\102\004\113\000\040\004\115\004\072\004\101\004\077\004\065\004\100\004\070\004\074\004\065\004\075\004\102\004\076\004\062}{chapter.1}% 14
\BOOKMARK [2][-]{subsection.1.7.1}{\376\377\0001\000.\0007\000.\0001\000\040\004\036\004\077\004\070\004\101\004\060\004\102\004\065\004\073\004\114\004\075\004\113\004\065\000\040\004\101\004\102\004\060\004\102\004\070\004\101\004\102\004\070\004\072\004\070}{section.1.7}% 15
\BOOKMARK [2][-]{subsection.1.7.2}{\376\377\0001\000.\0007\000.\0002\000\040\004\023\004\100\004\060\004\104\004\070\004\072\004\070\000\040\004\076\004\077\004\070\004\101\004\060\004\102\004\065\004\073\004\114\004\075\004\113\004\105\000\040\004\101\004\102\004\060\004\102\004\070\004\101\004\102\004\070\004\072}{section.1.7}% 16
\BOOKMARK [2][-]{subsection.1.7.3}{\376\377\0001\000.\0007\000.\0003\000\040\004\040\004\065\004\067\004\103\004\073\004\114\004\102\004\060\004\102\004\113\000\040\000N\000I\000S\000T\000-\004\077\004\076\004\064\004\076\004\061\004\075\004\113\004\105\000\040\004\102\004\065\004\101\004\102\004\076\004\062}{section.1.7}% 17
\BOOKMARK [2][-]{subsection.1.7.4}{\376\377\0001\000.\0007\000.\0004\000\040\004\023\004\100\004\060\004\104\004\070\004\072\000\040\000N\000I\000S\000T\000-\004\077\004\076\004\064\004\076\004\061\004\075\004\113\004\105\000\040\004\102\004\065\004\101\004\102\004\076\004\062}{section.1.7}% 18
\BOOKMARK [2][-]{subsection.1.7.5}{\376\377\0001\000.\0007\000.\0005\000\040\004\041\004\072\004\076\004\100\004\076\004\101\004\102\004\114\000\040\004\063\004\065\004\075\004\065\004\100\004\060\004\106\004\070\004\070}{section.1.7}% 19
\BOOKMARK [2][-]{subsection.1.7.6}{\376\377\0001\000.\0007\000.\0006\000\040\004\023\004\100\004\060\004\104\004\070\004\072\000\040\004\101\004\072\004\076\004\100\004\076\004\101\004\102\004\070\000\040\004\063\004\065\004\075\004\065\004\100\004\060\004\106\004\070\004\070}{section.1.7}% 20
\BOOKMARK [1][-]{section.1.8}{\376\377\0001\000.\0008\000\040\004\020\004\075\004\060\004\073\004\070\004\067\000\040\004\100\004\065\004\067\004\103\004\073\004\114\004\102\004\060\004\102\004\076\004\062}{chapter.1}% 21
\BOOKMARK [1][-]{section.1.9}{\376\377\0001\000.\0009\000\040\004\022\004\113\004\062\004\076\004\064\004\113}{chapter.1}% 22
\BOOKMARK [1][-]{section.1.10}{\376\377\0001\000.\0001\0000\000\040\004\040\004\065\004\077\004\076\004\067\004\070\004\102\004\076\004\100\004\070\004\071\000\040\004\077\004\100\004\076\004\065\004\072\004\102\004\060}{chapter.1}% 23
\BOOKMARK [0][-]{chapter.2}{\376\377\0002\000\040\004\020\004\073\004\104\004\060\004\062\004\070\004\102\004\075\004\113\004\071\000\040\004\103\004\072\004\060\004\067\004\060\004\102\004\065\004\073\004\114\000\040\004\072\004\073\004\060\004\101\004\101\004\076\004\062}{}% 24
\BOOKMARK [1][-]{section.2.1}{\376\377\0002\000.\0001\000\040\004\032\004\073\004\060\004\101\004\101\004\113}{chapter.2}% 25
\BOOKMARK [0][-]{chapter.3}{\376\377\0003\000\040\004\041\004\077\004\070\004\101\004\076\004\072\000\040\004\104\004\060\004\071\004\073\004\076\004\062}{}% 26
\BOOKMARK [1][-]{section.3.1}{\376\377\0003\000.\0001\000\040\004\044\004\060\004\071\004\073\004\113}{chapter.3}% 27
\BOOKMARK [0][-]{chapter.4}{\376\377\0004\000\040\004\032\004\073\004\060\004\101\004\101\004\113}{}% 28
\BOOKMARK [1][-]{section.4.1}{\376\377\0004\000.\0001\000\040\004\032\004\073\004\060\004\101\004\101\000\040\000A\000d\000d\000i\000t\000i\000v\000e\000L\000F\000G\000\137\000R\000o\000t\000a\000t\000e\000X\000o\000r}{chapter.4}% 29
\BOOKMARK [2][-]{subsection.4.1.1}{\376\377\0004\000.\0001\000.\0001\000\040\004\037\004\076\004\064\004\100\004\076\004\061\004\075\004\076\004\065\000\040\004\076\004\077\004\070\004\101\004\060\004\075\004\070\004\065}{section.4.1}% 30
\BOOKMARK [2][-]{subsection.4.1.2}{\376\377\0004\000.\0001\000.\0002\000\040\004\032\004\076\004\075\004\101\004\102\004\100\004\103\004\072\004\102\004\076\004\100\000\050\004\113\000\051}{section.4.1}% 31
\BOOKMARK [3][-]{subsubsection.4.1.2.1}{\376\377\0004\000.\0001\000.\0002\000.\0001\000\040\000A\000d\000d\000i\000t\000i\000v\000e\000L\000F\000G\000\137\000R\000o\000t\000a\000t\000e\000X\000o\000r\000\050\000\051}{subsection.4.1.2}% 32
\BOOKMARK [2][-]{subsection.4.1.3}{\376\377\0004\000.\0001\000.\0003\000\040\004\034\004\065\004\102\004\076\004\064\004\113}{section.4.1}% 33
\BOOKMARK [3][-]{subsubsection.4.1.3.1}{\376\377\0004\000.\0001\000.\0003\000.\0001\000\040\000n\000e\000x\000t\000\050\000\051}{subsection.4.1.3}% 34
\BOOKMARK [3][-]{subsubsection.4.1.3.2}{\376\377\0004\000.\0001\000.\0003\000.\0002\000\040\000n\000e\000x\000t\0003\0002\000\050\000\051}{subsection.4.1.3}% 35
\BOOKMARK [3][-]{subsubsection.4.1.3.3}{\376\377\0004\000.\0001\000.\0003\000.\0003\000\040\000s\000e\000e\000d\000\050\000\051}{subsection.4.1.3}% 36
\BOOKMARK [1][-]{section.4.2}{\376\377\0004\000.\0002\000\040\004\032\004\073\004\060\004\101\004\101\000\040\000L\000C\000G\000\137\000B\000a\000y\000s\000D\000u\000r\000h\000a\000m}{chapter.4}% 37
\BOOKMARK [2][-]{subsection.4.2.1}{\376\377\0004\000.\0002\000.\0001\000\040\004\037\004\076\004\064\004\100\004\076\004\061\004\075\004\076\004\065\000\040\004\076\004\077\004\070\004\101\004\060\004\075\004\070\004\065}{section.4.2}% 38
\BOOKMARK [2][-]{subsection.4.2.2}{\376\377\0004\000.\0002\000.\0002\000\040\004\032\004\076\004\075\004\101\004\102\004\100\004\103\004\072\004\102\004\076\004\100\000\050\004\113\000\051}{section.4.2}% 39
\BOOKMARK [3][-]{subsubsection.4.2.2.1}{\376\377\0004\000.\0002\000.\0002\000.\0001\000\040\000L\000C\000G\000\137\000B\000a\000y\000s\000D\000u\000r\000h\000a\000m\000\050\000\051}{subsection.4.2.2}% 40
\BOOKMARK [2][-]{subsection.4.2.3}{\376\377\0004\000.\0002\000.\0003\000\040\004\034\004\065\004\102\004\076\004\064\004\113}{section.4.2}% 41
\BOOKMARK [3][-]{subsubsection.4.2.3.1}{\376\377\0004\000.\0002\000.\0003\000.\0001\000\040\000n\000e\000x\000t\000\050\000\051}{subsection.4.2.3}% 42
\BOOKMARK [3][-]{subsubsection.4.2.3.2}{\376\377\0004\000.\0002\000.\0003\000.\0002\000\040\000n\000e\000x\000t\0006\0004\000\050\000\051}{subsection.4.2.3}% 43
\BOOKMARK [3][-]{subsubsection.4.2.3.3}{\376\377\0004\000.\0002\000.\0003\000.\0003\000\040\000s\000e\000e\000d\000\050\000\051}{subsection.4.2.3}% 44
\BOOKMARK [1][-]{section.4.3}{\376\377\0004\000.\0003\000\040\004\041\004\102\004\100\004\103\004\072\004\102\004\103\004\100\004\060\000\040\000S\000a\000m\000p\000l\000e\000S\000t\000a\000t\000s}{chapter.4}% 45
\BOOKMARK [2][-]{subsection.4.3.1}{\376\377\0004\000.\0003\000.\0001\000\040\004\037\004\076\004\064\004\100\004\076\004\061\004\075\004\076\004\065\000\040\004\076\004\077\004\070\004\101\004\060\004\075\004\070\004\065}{section.4.3}% 46
\BOOKMARK [2][-]{subsection.4.3.2}{\376\377\0004\000.\0003\000.\0002\000\040\004\024\004\060\004\075\004\075\004\113\004\065\000\040\004\072\004\073\004\060\004\101\004\101\004\060}{section.4.3}% 47
\BOOKMARK [3][-]{subsubsection.4.3.2.1}{\376\377\0004\000.\0003\000.\0002\000.\0001\000\040\000c\000h\000i\0002}{subsection.4.3.2}% 48
\BOOKMARK [3][-]{subsubsection.4.3.2.2}{\376\377\0004\000.\0003\000.\0002\000.\0002\000\040\000c\000v}{subsection.4.3.2}% 49
\BOOKMARK [3][-]{subsubsection.4.3.2.3}{\376\377\0004\000.\0003\000.\0002\000.\0003\000\040\000m\000e\000a\000n}{subsection.4.3.2}% 50
\BOOKMARK [3][-]{subsubsection.4.3.2.4}{\376\377\0004\000.\0003\000.\0002\000.\0004\000\040\000s\000t\000d\000d\000e\000v}{subsection.4.3.2}% 51
\BOOKMARK [3][-]{subsubsection.4.3.2.5}{\376\377\0004\000.\0003\000.\0002\000.\0005\000\040\000u\000n\000i\000f\000o\000r\000m}{subsection.4.3.2}% 52
\BOOKMARK [1][-]{section.4.4}{\376\377\0004\000.\0004\000\040\004\032\004\073\004\060\004\101\004\101\000\040\000S\000t\000a\000n\000d\000a\000r\000d\000M\000T}{chapter.4}% 53
\BOOKMARK [2][-]{subsection.4.4.1}{\376\377\0004\000.\0004\000.\0001\000\040\004\037\004\076\004\064\004\100\004\076\004\061\004\075\004\076\004\065\000\040\004\076\004\077\004\070\004\101\004\060\004\075\004\070\004\065}{section.4.4}% 54
\BOOKMARK [2][-]{subsection.4.4.2}{\376\377\0004\000.\0004\000.\0002\000\040\004\032\004\076\004\075\004\101\004\102\004\100\004\103\004\072\004\102\004\076\004\100\000\050\004\113\000\051}{section.4.4}% 55
\BOOKMARK [3][-]{subsubsection.4.4.2.1}{\376\377\0004\000.\0004\000.\0002\000.\0001\000\040\000S\000t\000a\000n\000d\000a\000r\000d\000M\000T\000\050\000\051}{subsection.4.4.2}% 56
\BOOKMARK [2][-]{subsection.4.4.3}{\376\377\0004\000.\0004\000.\0003\000\040\004\034\004\065\004\102\004\076\004\064\004\113}{section.4.4}% 57
\BOOKMARK [3][-]{subsubsection.4.4.3.1}{\376\377\0004\000.\0004\000.\0003\000.\0001\000\040\000n\000e\000x\000t\000\050\000\051}{subsection.4.4.3}% 58
\BOOKMARK [3][-]{subsubsection.4.4.3.2}{\376\377\0004\000.\0004\000.\0003\000.\0002\000\040\000s\000e\000e\000d\000\050\000\051}{subsection.4.4.3}% 59
\BOOKMARK [1][-]{section.4.5}{\376\377\0004\000.\0005\000\040\004\032\004\073\004\060\004\101\004\101\000\040\000X\000o\000r\000s\000h\000i\000f\000t\0001\0002\0008\000\137\000M\000L\000T}{chapter.4}% 60
\BOOKMARK [2][-]{subsection.4.5.1}{\376\377\0004\000.\0005\000.\0001\000\040\004\037\004\076\004\064\004\100\004\076\004\061\004\075\004\076\004\065\000\040\004\076\004\077\004\070\004\101\004\060\004\075\004\070\004\065}{section.4.5}% 61
\BOOKMARK [2][-]{subsection.4.5.2}{\376\377\0004\000.\0005\000.\0002\000\040\004\032\004\076\004\075\004\101\004\102\004\100\004\103\004\072\004\102\004\076\004\100\000\050\004\113\000\051}{section.4.5}% 62
\BOOKMARK [3][-]{subsubsection.4.5.2.1}{\376\377\0004\000.\0005\000.\0002\000.\0001\000\040\000X\000o\000r\000s\000h\000i\000f\000t\0001\0002\0008\000\137\000M\000L\000T\000\050\000\051}{subsection.4.5.2}% 63
\BOOKMARK [2][-]{subsection.4.5.3}{\376\377\0004\000.\0005\000.\0003\000\040\004\034\004\065\004\102\004\076\004\064\004\113}{section.4.5}% 64
\BOOKMARK [3][-]{subsubsection.4.5.3.1}{\376\377\0004\000.\0005\000.\0003\000.\0001\000\040\000n\000e\000x\000t\000\050\000\051}{subsection.4.5.3}% 65
\BOOKMARK [3][-]{subsubsection.4.5.3.2}{\376\377\0004\000.\0005\000.\0003\000.\0002\000\040\000n\000e\000x\000t\0006\0004\000\050\000\051}{subsection.4.5.3}% 66
\BOOKMARK [3][-]{subsubsection.4.5.3.3}{\376\377\0004\000.\0005\000.\0003\000.\0003\000\040\000s\000e\000e\000d\000\050\000\051}{subsection.4.5.3}% 67
\BOOKMARK [0][-]{chapter.5}{\376\377\0005\000\040\004\044\004\060\004\071\004\073\004\113}{}% 68
\BOOKMARK [1][-]{section.5.1}{\376\377\0005\000.\0001\000\040\004\044\004\060\004\071\004\073\000\040\000l\000a\000b\0003\000\137\000p\000s\000r\000a\000n\000d\000o\000m\000.\000c\000p\000p}{chapter.5}% 69
\BOOKMARK [2][-]{subsection.5.1.1}{\376\377\0005\000.\0001\000.\0001\000\040\004\037\004\076\004\064\004\100\004\076\004\061\004\075\004\076\004\065\000\040\004\076\004\077\004\070\004\101\004\060\004\075\004\070\004\065}{section.5.1}% 70
\BOOKMARK [2][-]{subsection.5.1.2}{\376\377\0005\000.\0001\000.\0002\000\040\004\044\004\103\004\075\004\072\004\106\004\070\004\070}{section.5.1}% 71
\BOOKMARK [3][-]{subsubsection.5.1.2.1}{\376\377\0005\000.\0001\000.\0002\000.\0001\000\040\000c\000o\000m\000p\000u\000t\000e\000S\000t\000a\000t\000s\000\050\000\051}{subsection.5.1.2}% 72
\BOOKMARK [3][-]{subsubsection.5.1.2.2}{\376\377\0005\000.\0001\000.\0002\000.\0002\000\040\000g\000e\000n\000e\000r\000a\000t\000e\000B\000i\000t\000s\000\050\000\051}{subsection.5.1.2}% 73
\BOOKMARK [3][-]{subsubsection.5.1.2.3}{\376\377\0005\000.\0001\000.\0002\000.\0003\000\040\000g\000e\000n\000e\000r\000a\000t\000e\000S\000a\000m\000p\000l\000e\000\050\000\051}{subsection.5.1.2}% 74
\BOOKMARK [3][-]{subsubsection.5.1.2.4}{\376\377\0005\000.\0001\000.\0002\000.\0004\000\040\000m\000a\000i\000n\000\050\000\051}{subsection.5.1.2}% 75
\BOOKMARK [3][-]{subsubsection.5.1.2.5}{\376\377\0005\000.\0001\000.\0002\000.\0005\000\040\000m\000e\000a\000s\000u\000r\000e\000G\000e\000n\000e\000r\000a\000t\000i\000o\000n\000T\000i\000m\000e\000\050\000\051}{subsection.5.1.2}% 76
\BOOKMARK [3][-]{subsubsection.5.1.2.6}{\376\377\0005\000.\0001\000.\0002\000.\0006\000\040\000m\000y\000\137\000e\000r\000f\000c\000\050\000\051}{subsection.5.1.2}% 77
\BOOKMARK [3][-]{subsubsection.5.1.2.7}{\376\377\0005\000.\0001\000.\0002\000.\0007\000\040\000n\000i\000s\000t\000\137\000b\000l\000o\000c\000k\000\137\000f\000r\000e\000q\000u\000e\000n\000c\000y\000\050\000\051}{subsection.5.1.2}% 78
\BOOKMARK [3][-]{subsubsection.5.1.2.8}{\376\377\0005\000.\0001\000.\0002\000.\0008\000\040\000n\000i\000s\000t\000\137\000c\000u\000s\000u\000m\000\050\000\051}{subsection.5.1.2}% 79
\BOOKMARK [3][-]{subsubsection.5.1.2.9}{\376\377\0005\000.\0001\000.\0002\000.\0009\000\040\000n\000i\000s\000t\000\137\000l\000o\000n\000g\000e\000s\000t\000\137\000r\000u\000n\000\050\000\051}{subsection.5.1.2}% 80
\BOOKMARK [3][-]{subsubsection.5.1.2.10}{\376\377\0005\000.\0001\000.\0002\000.\0001\0000\000\040\000n\000i\000s\000t\000\137\000m\000o\000n\000o\000b\000i\000t\000\050\000\051}{subsection.5.1.2}% 81
\BOOKMARK [3][-]{subsubsection.5.1.2.11}{\376\377\0005\000.\0001\000.\0002\000.\0001\0001\000\040\000n\000i\000s\000t\000\137\000r\000u\000n\000s\000\050\000\051}{subsection.5.1.2}% 82
\BOOKMARK [3][-]{subsubsection.5.1.2.12}{\376\377\0005\000.\0001\000.\0002\000.\0001\0002\000\040\000p\000\137\000v\000a\000l\000u\000e\000\137\000f\000r\000o\000m\000\137\000c\000h\000i\0002\000\050\000\051}{subsection.5.1.2}% 83
\BOOKMARK [3][-]{subsubsection.5.1.2.13}{\376\377\0005\000.\0001\000.\0002\000.\0001\0003\000\040\000r\000o\000t\000l\0003\0002\000\050\000\051}{subsection.5.1.2}% 84
\BOOKMARK [2][-]{subsection.5.1.3}{\376\377\0005\000.\0001\000.\0003\000\040\004\037\004\065\004\100\004\065\004\074\004\065\004\075\004\075\004\113\004\065}{section.5.1}% 85
\BOOKMARK [3][-]{subsubsection.5.1.3.1}{\376\377\0005\000.\0001\000.\0003\000.\0001\000\040\000B\000I\000N\000\137\000S\000I\000Z\000E}{subsection.5.1.3}% 86
\BOOKMARK [3][-]{subsubsection.5.1.3.2}{\376\377\0005\000.\0001\000.\0003\000.\0002\000\040\000B\000I\000T\000\137\000C\000O\000U\000N\000T}{subsection.5.1.3}% 87
\BOOKMARK [3][-]{subsubsection.5.1.3.3}{\376\377\0005\000.\0001\000.\0003\000.\0003\000\040\000C\000H\000I\0002\000\137\000C\000R\000I\000T}{subsection.5.1.3}% 88
\BOOKMARK [3][-]{subsubsection.5.1.3.4}{\376\377\0005\000.\0001\000.\0003\000.\0004\000\040\000K}{subsection.5.1.3}% 89
\BOOKMARK [3][-]{subsubsection.5.1.3.5}{\376\377\0005\000.\0001\000.\0003\000.\0005\000\040\000N\000U\000M\000\137\000S\000A\000M\000P\000L\000E\000S}{subsection.5.1.3}% 90
\BOOKMARK [3][-]{subsubsection.5.1.3.6}{\376\377\0005\000.\0001\000.\0003\000.\0006\000\040\000R\000A\000N\000G\000E\000\137\000S\000I\000Z\000E}{subsection.5.1.3}% 91
\BOOKMARK [3][-]{subsubsection.5.1.3.7}{\376\377\0005\000.\0001\000.\0003\000.\0007\000\040\000S\000A\000M\000P\000L\000E\000\137\000S\000I\000Z\000E}{subsection.5.1.3}% 92
\BOOKMARK [1][-]{section.5.2}{\376\377\0005\000.\0002\000\040\000l\000a\000b\0003\000\137\000p\000s\000r\000a\000n\000d\000o\000m\000.\000c\000p\000p}{chapter.5}% 93
\BOOKMARK [1][-]{section.5.3}{\376\377\0005\000.\0003\000\040\004\044\004\060\004\071\004\073\000\040\000R\000E\000A\000D\000M\000E\000.\000m\000d}{chapter.5}% 94
